<?xml version="1.0" encoding="UTF-8"?>
<testsuite xmlns:xsi="http://www.w3.org/2001/XMLSchema-instance" xsi:noNamespaceSchemaLocation="https://maven.apache.org/surefire/maven-surefire-plugin/xsd/surefire-test-report-3.0.xsd" version="3.0" name="AlexTest" time="0.062" tests="5" errors="0" skipped="0" failures="0">
  <properties>
[...]
</properties>
  <testcase name="noLionCubs" classname="AlexTest" time="0.016"/>
  <testcase name="getFoodShouldReturnPredatorFood" classname="AlexTest" time="0.0"/>
  <testcase name="genderMaleAlex" classname="AlexTest" time="0.0"/>
  <testcase name="getFriendsShouldReturnCorrectList" classname="AlexTest" time="0.0"/>
  <testcase name="getPlaceOfResidence" classname="AlexTest" time="0.015"/>
</testsuite>